<?xml version="1.0" encoding="UTF-8"?>
<!-- Generated by org.testng.reporters.JUnitReportReporter -->
<testsuite hostname="NazmunS" failures="0" tests="1" name="islahiArtTest.loginPageTest" time="5.627" errors="0" timestamp="2024-08-28T22:56:10 CDT" skipped="0">
  <testcase classname="islahiArtTest.loginPageTest" name="verifyLogin" time="5.627"/>
  <system-out/>
</testsuite> <!-- islahiArtTest.loginPageTest -->
