<?xml version="1.0" encoding="UTF-8"?>
<!-- Generated by org.testng.reporters.JUnitReportReporter -->
<testsuite hostname="NazmunS" failures="0" tests="1" name="islahiArtTest.addViewingCartTest" time="37.946" errors="0" timestamp="2024-08-28T22:56:10 CDT" skipped="0">
  <testcase classname="islahiArtTest.addViewingCartTest" name="verifyAddToCart" time="37.946"/>
  <system-out/>
</testsuite> <!-- islahiArtTest.addViewingCartTest -->
